[debug] [2020-09-17T08:30:53.636Z] ----------------------------------------------------------------------
[debug] [2020-09-17T08:30:53.638Z] Command:       /usr/local/bin/firebase /home/admin123/.cache/firebase/tools/lib/node_modules/firebase-tools/lib/bin/firebase appdistribution:distribute /home/admin123/StudioProjects/rootProjects/rootExp/viper/app/build/outputs/apk/debug/app-debug.apk --app 1:884955609590:android:271e3bace66dc20da72fd7 --testers-file /tmp/testers20200917-11252-12volsb --token 1//0ggHH4BuhAFmjCgYIARAAGBASNwF-L9IrBEdtiK6pG5gLpqwcBwtfVUHgHAjIx-WoMxtA48HK1oB-hmdObubKkLcbOZEk6s8MScw
[debug] [2020-09-17T08:30:53.639Z] CLI Version:   8.9.2
[debug] [2020-09-17T08:30:53.639Z] Platform:      linux
[debug] [2020-09-17T08:30:53.639Z] Node Version:  v12.18.1
[debug] [2020-09-17T08:30:53.639Z] Time:          Thu Sep 17 2020 14:00:53 GMT+0530 (India Standard Time)
[debug] [2020-09-17T08:30:53.639Z] ----------------------------------------------------------------------
[debug] [2020-09-17T08:30:53.639Z] 
[debug] [2020-09-17T08:30:53.648Z] > command requires scopes: ["email","openid","https://www.googleapis.com/auth/cloudplatformprojects.readonly","https://www.googleapis.com/auth/firebase","https://www.googleapis.com/auth/cloud-platform"]
[debug] [2020-09-17T08:30:53.649Z] > authorizing via --token option
[info] i  getting app details... 
[debug] [2020-09-17T08:30:53.657Z] > refreshing access token with scopes: ["email","openid","https://www.googleapis.com/auth/cloudplatformprojects.readonly","https://www.googleapis.com/auth/firebase","https://www.googleapis.com/auth/cloud-platform"]
[debug] [2020-09-17T08:30:53.657Z] >>> HTTP REQUEST POST https://www.googleapis.com/oauth2/v3/token  
 <request body omitted>
[debug] [2020-09-17T08:30:53.955Z] <<< HTTP RESPONSE 200 {"content-type":"application/json; charset=utf-8","vary":"X-Origin, Referer, Origin,Accept-Encoding","date":"Thu, 17 Sep 2020 08:30:53 GMT","server":"scaffolding on HTTPServer2","cache-control":"private","x-xss-protection":"0","x-frame-options":"SAMEORIGIN","x-content-type-options":"nosniff","alt-svc":"h3-29=\":443\"; ma=2592000,h3-27=\":443\"; ma=2592000,h3-T051=\":443\"; ma=2592000,h3-T050=\":443\"; ma=2592000,h3-Q050=\":443\"; ma=2592000,h3-Q046=\":443\"; ma=2592000,h3-Q043=\":443\"; ma=2592000,quic=\":443\"; ma=2592000; v=\"46,43\"","accept-ranges":"none","transfer-encoding":"chunked"}
[debug] [2020-09-17T08:30:53.959Z] >>> HTTP REQUEST GET https://firebaseappdistribution.googleapis.com/v1alpha/apps/1:884955609590:android:271e3bace66dc20da72fd7  
 
[debug] [2020-09-17T08:30:55.549Z] <<< HTTP RESPONSE 200 {"content-type":"application/json; charset=UTF-8","vary":"X-Origin, Referer, Origin,Accept-Encoding","date":"Thu, 17 Sep 2020 08:30:55 GMT","server":"ESF","cache-control":"private","x-xss-protection":"0","x-frame-options":"SAMEORIGIN","x-content-type-options":"nosniff","alt-svc":"h3-29=\":443\"; ma=2592000,h3-27=\":443\"; ma=2592000,h3-T051=\":443\"; ma=2592000,h3-T050=\":443\"; ma=2592000,h3-Q050=\":443\"; ma=2592000,h3-Q046=\":443\"; ma=2592000,h3-Q043=\":443\"; ma=2592000,quic=\":443\"; ma=2592000; v=\"46,43\"","accept-ranges":"none","transfer-encoding":"chunked"}
[debug] [2020-09-17T08:30:55.611Z] >>> HTTP REQUEST GET https://firebaseappdistribution.googleapis.com/v1alpha/apps/1:884955609590:android:271e3bace66dc20da72fd7/upload_status/projects%2F884955609590%2Fapps%2F1%3A884955609590%3Aandroid%3A271e3bace66dc20da72fd7%2Freleases%2F-%2Fbinaries%2F830482ff6c5218d94058844dd2cbc540b9d31e18a48a781bf8636a6095ab5ba8  
 
[debug] [2020-09-17T08:30:57.395Z] <<< HTTP RESPONSE 200 {"content-type":"application/json; charset=UTF-8","vary":"X-Origin, Referer, Origin,Accept-Encoding","date":"Thu, 17 Sep 2020 08:30:57 GMT","server":"ESF","cache-control":"private","x-xss-protection":"0","x-frame-options":"SAMEORIGIN","x-content-type-options":"nosniff","alt-svc":"h3-Q050=\":443\"; ma=2592000,h3-29=\":443\"; ma=2592000,h3-27=\":443\"; ma=2592000,h3-T051=\":443\"; ma=2592000,h3-T050=\":443\"; ma=2592000,h3-Q046=\":443\"; ma=2592000,h3-Q043=\":443\"; ma=2592000,quic=\":443\"; ma=2592000; v=\"46,43\"","accept-ranges":"none","transfer-encoding":"chunked"}
[info] i  uploading distribution... 
[debug] [2020-09-17T08:30:57.399Z] >>> HTTP REQUEST POST https://firebaseappdistribution.googleapis.com/app-binary-uploads?app_id=1:884955609590:android:271e3bace66dc20da72fd7  
 {"_readableState":{"objectMode":false,"highWaterMark":65536,"buffer":{"head":null,"tail":null,"length":0},"length":0,"pipes":null,"pipesCount":0,"flowing":null,"ended":false,"endEmitted":false,"reading":false,"sync":true,"needReadable":false,"emittedReadable":false,"readableListening":false,"resumeScheduled":false,"emitClose":false,"autoDestroy":false,"destroyed":false,"defaultEncoding":"utf8","awaitDrainWriters":null,"multiAwaitDrain":false,"readingMore":false,"decoder":null,"encoding":null},"readable":true,"_events":{},"_eventsCount":1,"path":"/home/admin123/StudioProjects/rootProjects/rootExp/viper/app/build/outputs/apk/debug/app-debug.apk","fd":null,"flags":"r","mode":438,"end":null,"autoClose":true,"bytesRead":0,"closed":false}
[debug] [2020-09-17T08:31:05.993Z] <<< HTTP RESPONSE 202 {"x-guploader-uploadid":"ABg5-UwH4T0lDZcnNJ2I7Dldb6hdJ80Ug8L1FxX464Df_hiQ4lTL8pEuzpjDChnpJZnHGUTelkCz9kZxpq-g4Ayt2rI","content-type":"application/json; charset=utf-8","content-length":"169","date":"Thu, 17 Sep 2020 08:31:05 GMT","server":"UploadServer","alt-svc":"h3-Q050=\":443\"; ma=2592000,h3-29=\":443\"; ma=2592000,h3-27=\":443\"; ma=2592000,h3-T051=\":443\"; ma=2592000,h3-T050=\":443\"; ma=2592000,h3-Q046=\":443\"; ma=2592000,h3-Q043=\":443\"; ma=2592000,quic=\":443\"; ma=2592000; v=\"46,43\""}
[debug] [2020-09-17T08:31:05.996Z] >>> HTTP REQUEST GET https://firebaseappdistribution.googleapis.com/v1alpha/apps/1:884955609590:android:271e3bace66dc20da72fd7/upload_status/projects%2F884955609590%2Fapps%2F1%3A884955609590%3Aandroid%3A271e3bace66dc20da72fd7%2Freleases%2F-%2Fbinaries%2F830482ff6c5218d94058844dd2cbc540b9d31e18a48a781bf8636a6095ab5ba8  
 
